20/06/2017 17:18:22	This log contains information about the import schema operation into project 'Database' on computer 'DESKTOP-GLR65RD' by user 'wans'.
20/06/2017 17:18:23	Import of database schema has started.
20/06/2017 17:18:29	Gathering database credentials
20/06/2017 17:18:29	Gathering database options
20/06/2017 17:18:29	Gathering users
20/06/2017 17:18:29	Gathering roles
20/06/2017 17:18:29	Gathering application roles
20/06/2017 17:18:29	Gathering role memberships
20/06/2017 17:18:29	Gathering filegroups
20/06/2017 17:18:29	Gathering full-text catalogs
20/06/2017 17:18:29	Gathering assemblies
20/06/2017 17:18:29	Gathering certificates
20/06/2017 17:18:29	Gathering asymmetric keys
20/06/2017 17:18:29	Gathering symmetric keys
20/06/2017 17:18:29	Gathering encrypted symmetric keys
20/06/2017 17:18:29	Gathering schemas
20/06/2017 17:18:29	Gathering XML schema collections
20/06/2017 17:18:29	Gathering user-defined data types
20/06/2017 17:18:29	Gathering user-defined types
20/06/2017 17:18:29	Gathering table types
20/06/2017 17:18:29	Gathering unique keys for table types
20/06/2017 17:18:29	Gathering primary keys for table types
20/06/2017 17:18:29	Gathering indexes for table types
20/06/2017 17:18:29	Gathering check constraints for table types
20/06/2017 17:18:29	Gathering default constraints for table types
20/06/2017 17:18:29	Gathering partition functions
20/06/2017 17:18:29	Gathering partition schemes
20/06/2017 17:18:29	Gathering functions
20/06/2017 17:18:29	Gathering encrypted functions
20/06/2017 17:18:29	Gathering aggregates
20/06/2017 17:18:29	Gathering procedures
20/06/2017 17:18:29	Gathering encrypted procedures
20/06/2017 17:18:29	Gathering tables
20/06/2017 17:18:29	Gathering primary keys
20/06/2017 17:18:29	Gathering unique constraints
20/06/2017 17:18:29	Gathering foreign keys
20/06/2017 17:18:29	Gathering default constraints
20/06/2017 17:18:29	Gathering check constraints
20/06/2017 17:18:29	Gathering views
20/06/2017 17:18:29	Gathering encrypted views
20/06/2017 17:18:29	Gathering indexes
20/06/2017 17:18:29	Gathering statistics
20/06/2017 17:18:29	Gathering full-text index stoplists
20/06/2017 17:18:29	Gathering search property lists
20/06/2017 17:18:29	Gathering search properties
20/06/2017 17:18:29	Gathering full-text indexes
20/06/2017 17:18:29	Gathering column store indexes
20/06/2017 17:18:29	Gathering spatial indexes
20/06/2017 17:18:29	Gathering XML indexes
20/06/2017 17:18:29	Gathering Selective XML indexes
20/06/2017 17:18:30	Gathering encrypted triggers
20/06/2017 17:18:30	Gathering triggers
20/06/2017 17:18:30	Gathering encrypted and clr ddl triggers
20/06/2017 17:18:30	Gathering ddl triggers
20/06/2017 17:18:30	Gathering synonyms
20/06/2017 17:18:30	Gathering defaults
20/06/2017 17:18:30	Gathering data constraint uddt bindings
20/06/2017 17:18:30	Gathering rules
20/06/2017 17:18:30	Gathering data constraint uddt bindings
20/06/2017 17:18:30	Gathering message types
20/06/2017 17:18:30	Gathering queues
20/06/2017 17:18:30	Gathering contracts
20/06/2017 17:18:30	Gathering services
20/06/2017 17:18:30	Gathering event notifications
20/06/2017 17:18:30	Gathering remote service bindings
20/06/2017 17:18:30	Gathering broker priorities
20/06/2017 17:18:30	Gathering signatures
20/06/2017 17:18:30	Gathering data compression options
20/06/2017 17:18:30	Gathering sequence types
20/06/2017 17:18:30	Gathering security policies
20/06/2017 17:18:30	Gather column encryption keys
20/06/2017 17:18:30	Gathering column master keys
20/06/2017 17:18:30	Gathering external data sources
20/06/2017 17:18:30	Gathering external file formats
20/06/2017 17:18:30	Gathering external tables
20/06/2017 17:18:30	Gathering extended properties
20/06/2017 17:18:30	Gathering credentials
20/06/2017 17:18:30	Gathering logins
20/06/2017 17:18:30	Gathering server audits
20/06/2017 17:18:31	Scanning project for duplicate elements
20/06/2017 17:18:31	Finished duplicate element processing
20/06/2017 17:18:31	Finished importing database.
20/06/2017 17:18:31	A summary of the import was saved to the following location: C:\Users\wans\Downloads\CrudDDDModal (1)\Database\Import Schema Logs\Database_20170620081822.log
20/06/2017 17:18:31	Click Finish to continue...
